<?xml version="1.0" encoding="UTF-8"?>
<!-- Generated by org.testng.reporters.JUnitXMLReporter -->
<testsuite ignored="0" hostname="Rakshi" failures="0" tests="2" name="Default test" time="0.214" errors="0" timestamp="2024-08-04T13:42:46 IST">
  <testcase classname="prithiv.test.ApplicationTesting" name="ApplicationTesting" time="0.0">
    <skipped/>
  </testcase> <!-- ApplicationTesting -->
  <testcase classname="prithiv.test.ApplicationTesting" name="getOrderItem" time="0.0">
    <skipped/>
  </testcase> <!-- getOrderItem -->
</testsuite> <!-- Default test -->
