<?xml version="1.0" encoding="UTF-8"?>
<!-- Generated by org.testng.reporters.JUnitXMLReporter -->
<testsuite ignored="0" hostname="Rakshi" failures="1" tests="1" name="ApplicationTesting" time="12.957" errors="0" timestamp="2024-08-01T22:00:16 IST">
  <testcase classname="ApplicationTesting.ApplicationTesting" name="ApplicationTesting" time="10.045">
    <failure type="java.lang.NullPointerException" message="Cannot invoke &amp;quot;org.openqa.selenium.SearchContext.findElement(org.openqa.selenium.By)&amp;quot; because &amp;quot;this.searchContext&amp;quot; is null">
      <![CDATA[java.lang.NullPointerException: Cannot invoke "org.openqa.selenium.SearchContext.findElement(org.openqa.selenium.By)" because "this.searchContext" is null
at org.openqa.selenium.support.pagefactory.DefaultElementLocator.findElement(DefaultElementLocator.java:68)
at org.openqa.selenium.support.pagefactory.internal.LocatingElementHandler.invoke(LocatingElementHandler.java:38)
at jdk.proxy2/jdk.proxy2.$Proxy13.getText(Unknown Source)
at ApplicationTesting.ConfirmationPage.getConfirmationMessage(ConfirmationPage.java:26)
at ApplicationTesting.ApplicationTesting.ApplicationTesting(ApplicationTesting.java:42)
at java.base/java.util.ArrayList.forEach(ArrayList.java:1511)
... Removed 27 stack frames]]>
    </failure>
  </testcase> <!-- ApplicationTesting -->
</testsuite> <!-- ApplicationTesting -->
