<?xml version="1.0" encoding="UTF-8"?>
<!-- Generated by org.testng.reporters.JUnitXMLReporter -->
<testsuite ignored="0" hostname="Rakshi" failures="1" tests="4" name="Test" time="10.168" errors="0" timestamp="2024-08-02T21:11:03 IST">
  <testcase classname="prithiv.test.ErrorValidations" name="errorValidations" time="0.405">
    <skipped/>
  </testcase> <!-- errorValidations -->
  <testcase classname="prithiv.test.ErrorValidations" name="errorValidations" time="0.285">
    <failure type="java.lang.AssertionError" message="expected [Incorrect email or password] but found [Incorrect email or password.]">
      <![CDATA[java.lang.AssertionError: expected [Incorrect email or password] but found [Incorrect email or password.]
at prithiv.test.ErrorValidations.errorValidations(ErrorValidations.java:14)
at java.base/java.util.ArrayList.forEach(ArrayList.java:1511)
at java.base/java.util.concurrent.FutureTask.run(FutureTask.java:264)
at java.base/java.util.concurrent.ThreadPoolExecutor.runWorker(ThreadPoolExecutor.java:1136)
at java.base/java.util.concurrent.ThreadPoolExecutor$Worker.run(ThreadPoolExecutor.java:635)
at java.base/java.lang.Thread.run(Thread.java:840)
... Removed 24 stack frames]]>
    </failure>
  </testcase> <!-- errorValidations -->
  <testcase classname="prithiv.test.ApplicationTesting" name="ApplicationTesting" time="0.0">
    <skipped/>
  </testcase> <!-- ApplicationTesting -->
  <testcase classname="prithiv.test.ApplicationTesting" name="getOrderItem" time="0.0">
    <skipped/>
  </testcase> <!-- getOrderItem -->
</testsuite> <!-- Test -->
